Sat Aug 17 20:56:54 CST 2019  [debug] AvalonLogSystem initialized using logfile 'velocity.log'
Sat Aug 17 20:56:54 CST 2019   [info] ************************************************************** 
Sat Aug 17 20:56:54 CST 2019   [info] Starting Jakarta Velocity v1.4
Sat Aug 17 20:56:54 CST 2019   [info] RuntimeInstance initializing.
Sat Aug 17 20:56:54 CST 2019   [info] Default Properties File: org\apache\velocity\runtime\defaults\velocity.properties
Sat Aug 17 20:56:54 CST 2019   [info] Trying to use logger class org.apache.velocity.runtime.log.AvalonLogSystem
Sat Aug 17 20:56:54 CST 2019   [info] Using logger class org.apache.velocity.runtime.log.AvalonLogSystem
Sat Aug 17 20:56:54 CST 2019   [info] Default ResourceManager initializing. (class org.apache.velocity.runtime.resource.ResourceManagerImpl)
Sat Aug 17 20:56:54 CST 2019   [info] Resource Loader Instantiated: org.apache.velocity.runtime.resource.loader.FileResourceLoader
Sat Aug 17 20:56:54 CST 2019   [info] FileResourceLoader : initialization starting.
Sat Aug 17 20:56:54 CST 2019   [info] FileResourceLoader : adding path 'h:/quartus13.1/ip/altera/fft/lib/\template'
Sat Aug 17 20:56:54 CST 2019   [info] FileResourceLoader : adding path '.'
Sat Aug 17 20:56:54 CST 2019   [info] FileResourceLoader : initialization complete.
Sat Aug 17 20:56:54 CST 2019   [info] Resource Loader Instantiated: org.apache.velocity.runtime.resource.loader.JarResourceLoader
Sat Aug 17 20:56:54 CST 2019   [info] JarResourceLoader : initialization starting.
Sat Aug 17 20:56:54 CST 2019   [info] JarResourceLoader # of paths : 0
Sat Aug 17 20:56:54 CST 2019   [info] JarResourceLoader : initialization complete.
Sat Aug 17 20:56:54 CST 2019   [info] Resource Loader Instantiated: org.apache.velocity.runtime.resource.loader.ClasspathResourceLoader
Sat Aug 17 20:56:54 CST 2019   [info] ClasspathResourceLoader : initialization starting.
Sat Aug 17 20:56:54 CST 2019   [info] ClasspathResourceLoader : initialization complete.
Sat Aug 17 20:56:54 CST 2019   [info] ResourceCache : initialized. (class org.apache.velocity.runtime.resource.ResourceCacheImpl)
Sat Aug 17 20:56:54 CST 2019   [info] Default ResourceManager initialization complete.
Sat Aug 17 20:56:54 CST 2019   [info] Loaded System Directive: org.apache.velocity.runtime.directive.Literal
Sat Aug 17 20:56:54 CST 2019   [info] Loaded System Directive: org.apache.velocity.runtime.directive.Macro
Sat Aug 17 20:56:54 CST 2019   [info] Loaded System Directive: org.apache.velocity.runtime.directive.Parse
Sat Aug 17 20:56:54 CST 2019   [info] Loaded System Directive: org.apache.velocity.runtime.directive.Include
Sat Aug 17 20:56:54 CST 2019   [info] Loaded System Directive: org.apache.velocity.runtime.directive.Foreach
Sat Aug 17 20:56:54 CST 2019   [info] Created: 20 parsers.
Sat Aug 17 20:56:54 CST 2019   [info] Velocimacro : initialization starting.
Sat Aug 17 20:56:54 CST 2019   [info] Velocimacro : adding VMs from VM library template : VM_global_library.vm
Sat Aug 17 20:56:54 CST 2019   [info] Velocimacro : added new VM : #listall( list ) : source = VM_global_library.vm
Sat Aug 17 20:56:54 CST 2019   [info] Velocimacro : added new VM : #listlist( list ) : source = VM_global_library.vm
Sat Aug 17 20:56:54 CST 2019   [info] ResourceManager : found VM_global_library.vm with loader org.apache.velocity.runtime.resource.loader.ClasspathResourceLoader
Sat Aug 17 20:56:54 CST 2019   [info] Velocimacro :  VM library template macro registration complete.
Sat Aug 17 20:56:54 CST 2019   [info] Velocimacro : allowInline = true : VMs can be defined inline in templates
Sat Aug 17 20:56:54 CST 2019   [info] Velocimacro : allowInlineToOverride = false : VMs defined inline may NOT replace previous VM definitions
Sat Aug 17 20:56:54 CST 2019   [info] Velocimacro : allowInlineLocal = false : VMs defined inline will be  global in scope if allowed.
Sat Aug 17 20:56:54 CST 2019   [info] Velocimacro : messages on  : VM system will output logging messages
Sat Aug 17 20:56:54 CST 2019   [info] Velocimacro : autoload off  : VM system will not automatically reload global library macros
Sat Aug 17 20:56:54 CST 2019   [info] Velocimacro : initialization complete.
Sat Aug 17 20:56:54 CST 2019   [info] Velocity successfully started.
Sat Aug 17 20:56:55 CST 2019   [info] ResourceManager : found fft_top_vhdl_tb.vm with loader org.apache.velocity.runtime.resource.loader.ClasspathResourceLoader
Sat Aug 17 20:56:55 CST 2019   [info] ResourceManager : found alt_license.txt with loader org.apache.velocity.runtime.resource.loader.ClasspathResourceLoader
Sat Aug 17 20:56:55 CST 2019   [info] ResourceManager : found fft_top_verilog_tb.vm with loader org.apache.velocity.runtime.resource.loader.ClasspathResourceLoader
Sat Aug 17 20:56:55 CST 2019   [info] ResourceManager : found alt_license_verilog.txt with loader org.apache.velocity.runtime.resource.loader.ClasspathResourceLoader
Sat Aug 17 20:56:55 CST 2019   [info] ResourceManager : found matlab_tb.vm with loader org.apache.velocity.runtime.resource.loader.ClasspathResourceLoader
Sat Aug 17 20:56:55 CST 2019   [info] ResourceManager : found matlab_model.vm with loader org.apache.velocity.runtime.resource.loader.ClasspathResourceLoader
Sat Aug 17 20:56:55 CST 2019   [info] ResourceManager : found set_nativelink_tcl.vm with loader org.apache.velocity.runtime.resource.loader.ClasspathResourceLoader
Sat Aug 17 20:56:55 CST 2019   [info] ResourceManager : found alt_license_tcl.txt with loader org.apache.velocity.runtime.resource.loader.ClasspathResourceLoader
